2020-01-14 13:06:32,315 INFO (StartupInfoLogger.java:55)- Starting SpringbootApplication on ZHANG with PID 15200 (F:\java\myWorkspace\springboot\target\classes started by Administrator in F:\java\myWorkspace\springboot)
2020-01-14 13:06:32,318 DEBUG (StartupInfoLogger.java:56)- Running with Spring Boot v2.2.2.RELEASE, Spring v5.2.2.RELEASE
2020-01-14 13:06:32,319 INFO (SpringApplication.java:651)- No active profile set, falling back to default profiles: default
2020-01-14 13:06:34,714 INFO (StartupInfoLogger.java:61)- Started SpringbootApplication in 2.916 seconds (JVM running for 3.798)
2020-01-14 13:06:39,543 INFO (TestController.java:30)- -------------------info
2020-01-14 13:06:39,543 ERROR (TestController.java:31)- -------------错误日志打印...
2020-01-14 13:06:41,050 INFO (TestController.java:30)- -------------------info
2020-01-14 13:06:41,051 ERROR (TestController.java:31)- -------------错误日志打印...
2020-01-14 14:30:38,141 INFO (TestController.java:30)- -------------------info
2020-01-14 14:30:38,142 ERROR (TestController.java:31)- -------------错误日志打印...
2020-01-14 14:30:38,512 INFO (TestController.java:30)- -------------------info
2020-01-14 14:30:38,513 ERROR (TestController.java:31)- -------------错误日志打印...
2020-01-14 14:30:38,855 INFO (TestController.java:30)- -------------------info
2020-01-14 14:30:38,855 ERROR (TestController.java:31)- -------------错误日志打印...
2020-01-14 14:30:39,037 INFO (TestController.java:30)- -------------------info
2020-01-14 14:30:39,038 ERROR (TestController.java:31)- -------------错误日志打印...
2020-01-14 14:30:42,697 INFO (TestController.java:30)- -------------------info
2020-01-14 14:30:42,698 ERROR (TestController.java:31)- -------------错误日志打印...
2020-01-14 14:30:42,888 INFO (TestController.java:30)- -------------------info
2020-01-14 14:30:42,888 ERROR (TestController.java:31)- -------------错误日志打印...
2020-01-14 14:30:43,072 INFO (TestController.java:30)- -------------------info
2020-01-14 14:30:43,072 ERROR (TestController.java:31)- -------------错误日志打印...
2020-01-14 14:30:43,245 INFO (TestController.java:30)- -------------------info
2020-01-14 14:30:43,246 ERROR (TestController.java:31)- -------------错误日志打印...
2020-01-14 14:30:43,589 INFO (TestController.java:30)- -------------------info
2020-01-14 14:30:43,590 ERROR (TestController.java:31)- -------------错误日志打印...
2020-01-14 14:30:43,909 INFO (TestController.java:30)- -------------------info
2020-01-14 14:30:43,909 ERROR (TestController.java:31)- -------------错误日志打印...
2020-01-14 14:30:44,269 INFO (TestController.java:30)- -------------------info
2020-01-14 14:30:44,269 ERROR (TestController.java:31)- -------------错误日志打印...
2020-01-14 14:30:44,426 INFO (TestController.java:30)- -------------------info
2020-01-14 14:30:44,426 ERROR (TestController.java:31)- -------------错误日志打印...
2020-01-14 14:30:44,621 INFO (TestController.java:30)- -------------------info
2020-01-14 14:30:44,622 ERROR (TestController.java:31)- -------------错误日志打印...
2020-01-14 14:30:44,806 INFO (TestController.java:30)- -------------------info
2020-01-14 14:30:44,807 ERROR (TestController.java:31)- -------------错误日志打印...
2020-01-14 14:30:45,005 INFO (TestController.java:30)- -------------------info
2020-01-14 14:30:45,006 ERROR (TestController.java:31)- -------------错误日志打印...
2020-01-14 14:30:45,412 INFO (TestController.java:30)- -------------------info
2020-01-14 14:30:45,413 ERROR (TestController.java:31)- -------------错误日志打印...
2020-01-14 14:30:45,789 INFO (TestController.java:30)- -------------------info
2020-01-14 14:30:45,789 ERROR (TestController.java:31)- -------------错误日志打印...
2020-01-14 14:30:46,216 INFO (TestController.java:30)- -------------------info
2020-01-14 14:30:46,217 ERROR (TestController.java:31)- -------------错误日志打印...
2020-01-14 14:30:46,622 INFO (TestController.java:30)- -------------------info
2020-01-14 14:30:46,623 ERROR (TestController.java:31)- -------------错误日志打印...
2020-01-14 14:30:46,999 INFO (TestController.java:30)- -------------------info
2020-01-14 14:30:46,999 ERROR (TestController.java:31)- -------------错误日志打印...
2020-01-14 14:30:47,371 INFO (TestController.java:30)- -------------------info
2020-01-14 14:30:47,371 ERROR (TestController.java:31)- -------------错误日志打印...
2020-01-14 14:30:47,741 INFO (TestController.java:30)- -------------------info
2020-01-14 14:30:47,741 ERROR (TestController.java:31)- -------------错误日志打印...
2020-01-14 14:31:00,893 INFO (TestController.java:30)- -------------------info
2020-01-14 14:31:00,894 ERROR (TestController.java:31)- -------------错误日志打印...
2020-01-14 14:31:01,062 INFO (TestController.java:30)- -------------------info
2020-01-14 14:31:01,062 ERROR (TestController.java:31)- -------------错误日志打印...
2020-01-14 14:31:01,246 INFO (TestController.java:30)- -------------------info
2020-01-14 14:31:01,246 ERROR (TestController.java:31)- -------------错误日志打印...
2020-01-14 14:31:01,588 INFO (TestController.java:30)- -------------------info
2020-01-14 14:31:01,590 ERROR (TestController.java:31)- -------------错误日志打印...
2020-01-14 14:31:01,961 INFO (TestController.java:30)- -------------------info
2020-01-14 14:31:01,962 ERROR (TestController.java:31)- -------------错误日志打印...
2020-01-14 14:31:02,340 INFO (TestController.java:30)- -------------------info
2020-01-14 14:31:02,340 ERROR (TestController.java:31)- -------------错误日志打印...
2020-01-14 14:31:02,679 INFO (TestController.java:30)- -------------------info
2020-01-14 14:31:02,679 ERROR (TestController.java:31)- -------------错误日志打印...
2020-01-14 14:31:03,055 INFO (TestController.java:30)- -------------------info
2020-01-14 14:31:03,055 ERROR (TestController.java:31)- -------------错误日志打印...
2020-01-14 14:31:03,394 INFO (TestController.java:30)- -------------------info
2020-01-14 14:31:03,394 ERROR (TestController.java:31)- -------------错误日志打印...
2020-01-14 14:31:03,752 INFO (TestController.java:30)- -------------------info
2020-01-14 14:31:03,753 ERROR (TestController.java:31)- -------------错误日志打印...
2020-01-14 14:31:03,924 INFO (TestController.java:30)- -------------------info
2020-01-14 14:31:03,924 ERROR (TestController.java:31)- -------------错误日志打印...
2020-01-14 14:31:04,106 INFO (TestController.java:30)- -------------------info
2020-01-14 14:31:04,107 ERROR (TestController.java:31)- -------------错误日志打印...
2020-01-14 14:31:04,291 INFO (TestController.java:30)- -------------------info
2020-01-14 14:31:04,291 ERROR (TestController.java:31)- -------------错误日志打印...
2020-01-14 14:31:04,479 INFO (TestController.java:30)- -------------------info
2020-01-14 14:31:04,479 ERROR (TestController.java:31)- -------------错误日志打印...
2020-01-14 14:31:04,657 INFO (TestController.java:30)- -------------------info
2020-01-14 14:31:04,657 ERROR (TestController.java:31)- -------------错误日志打印...
2020-01-14 14:31:04,829 INFO (TestController.java:30)- -------------------info
2020-01-14 14:31:04,830 ERROR (TestController.java:31)- -------------错误日志打印...
2020-01-14 14:31:05,025 INFO (TestController.java:30)- -------------------info
2020-01-14 14:31:05,025 ERROR (TestController.java:31)- -------------错误日志打印...
2020-01-14 14:31:05,207 INFO (TestController.java:30)- -------------------info
2020-01-14 14:31:05,207 ERROR (TestController.java:31)- -------------错误日志打印...
2020-01-14 14:31:05,389 INFO (TestController.java:30)- -------------------info
2020-01-14 14:31:05,390 ERROR (TestController.java:31)- -------------错误日志打印...
2020-01-14 14:31:05,574 INFO (TestController.java:30)- -------------------info
2020-01-14 14:31:05,574 ERROR (TestController.java:31)- -------------错误日志打印...
2020-01-14 14:31:05,757 INFO (TestController.java:30)- -------------------info
2020-01-14 14:31:05,757 ERROR (TestController.java:31)- -------------错误日志打印...
2020-01-14 14:31:05,938 INFO (TestController.java:30)- -------------------info
2020-01-14 14:31:05,938 ERROR (TestController.java:31)- -------------错误日志打印...
2020-01-14 14:31:06,125 INFO (TestController.java:30)- -------------------info
2020-01-14 14:31:06,126 ERROR (TestController.java:31)- -------------错误日志打印...
2020-01-14 14:31:06,323 INFO (TestController.java:30)- -------------------info
2020-01-14 14:31:06,323 ERROR (TestController.java:31)- -------------错误日志打印...
2020-01-14 14:31:06,494 INFO (TestController.java:30)- -------------------info
2020-01-14 14:31:06,494 ERROR (TestController.java:31)- -------------错误日志打印...
2020-01-14 14:31:06,674 INFO (TestController.java:30)- -------------------info
2020-01-14 14:31:06,674 ERROR (TestController.java:31)- -------------错误日志打印...
2020-01-14 14:31:06,864 INFO (TestController.java:30)- -------------------info
2020-01-14 14:31:06,864 ERROR (TestController.java:31)- -------------错误日志打印...
2020-01-14 14:31:07,073 INFO (TestController.java:30)- -------------------info
2020-01-14 14:31:07,074 ERROR (TestController.java:31)- -------------错误日志打印...
2020-01-14 14:31:07,258 INFO (TestController.java:30)- -------------------info
2020-01-14 14:31:07,258 ERROR (TestController.java:31)- -------------错误日志打印...
2020-01-14 14:31:07,430 INFO (TestController.java:30)- -------------------info
2020-01-14 14:31:07,430 ERROR (TestController.java:31)- -------------错误日志打印...
2020-01-14 14:31:07,613 INFO (TestController.java:30)- -------------------info
2020-01-14 14:31:07,613 ERROR (TestController.java:31)- -------------错误日志打印...
2020-01-14 14:31:07,806 INFO (TestController.java:30)- -------------------info
2020-01-14 14:31:07,806 ERROR (TestController.java:31)- -------------错误日志打印...
2020-01-14 14:31:08,006 INFO (TestController.java:30)- -------------------info
