2020-01-14 14:31:08,007 ERROR (TestController.java:31)- -------------错误日志打印...
2020-01-14 14:31:08,207 INFO (TestController.java:30)- -------------------info
2020-01-14 14:31:08,208 ERROR (TestController.java:31)- -------------错误日志打印...
2020-01-14 14:31:08,389 INFO (TestController.java:30)- -------------------info
2020-01-14 14:31:08,390 ERROR (TestController.java:31)- -------------错误日志打印...
2020-01-14 14:31:08,574 INFO (TestController.java:30)- -------------------info
2020-01-14 14:31:08,574 ERROR (TestController.java:31)- -------------错误日志打印...
2020-01-14 14:31:08,776 INFO (TestController.java:30)- -------------------info
2020-01-14 14:31:08,777 ERROR (TestController.java:31)- -------------错误日志打印...
2020-01-14 14:31:08,957 INFO (TestController.java:30)- -------------------info
2020-01-14 14:31:08,957 ERROR (TestController.java:31)- -------------错误日志打印...
2020-01-14 14:31:09,177 INFO (TestController.java:30)- -------------------info
2020-01-14 14:31:09,178 ERROR (TestController.java:31)- -------------错误日志打印...
2020-01-14 14:31:09,360 INFO (TestController.java:30)- -------------------info
2020-01-14 14:31:09,360 ERROR (TestController.java:31)- -------------错误日志打印...
2020-01-14 14:31:09,542 INFO (TestController.java:30)- -------------------info
2020-01-14 14:31:09,543 ERROR (TestController.java:31)- -------------错误日志打印...
2020-01-14 14:31:09,724 INFO (TestController.java:30)- -------------------info
2020-01-14 14:31:09,724 ERROR (TestController.java:31)- -------------错误日志打印...
2020-01-14 14:31:09,924 INFO (TestController.java:30)- -------------------info
2020-01-14 14:31:09,925 ERROR (TestController.java:31)- -------------错误日志打印...
2020-01-14 14:31:10,110 INFO (TestController.java:30)- -------------------info
2020-01-14 14:31:10,110 ERROR (TestController.java:31)- -------------错误日志打印...
2020-01-14 14:31:10,293 INFO (TestController.java:30)- -------------------info
2020-01-14 14:31:10,294 ERROR (TestController.java:31)- -------------错误日志打印...
2020-01-14 14:31:10,507 INFO (TestController.java:30)- -------------------info
2020-01-14 14:31:10,508 ERROR (TestController.java:31)- -------------错误日志打印...
2020-01-14 14:31:10,706 INFO (TestController.java:30)- -------------------info
2020-01-14 14:31:10,707 ERROR (TestController.java:31)- -------------错误日志打印...
2020-01-14 14:31:11,090 INFO (TestController.java:30)- -------------------info
2020-01-14 14:31:11,090 ERROR (TestController.java:31)- -------------错误日志打印...
2020-01-14 14:31:11,295 INFO (TestController.java:30)- -------------------info
2020-01-14 14:31:11,295 ERROR (TestController.java:31)- -------------错误日志打印...
2020-01-14 14:31:11,693 INFO (TestController.java:30)- -------------------info
2020-01-14 14:31:11,693 ERROR (TestController.java:31)- -------------错误日志打印...
2020-01-14 14:31:11,925 INFO (TestController.java:30)- -------------------info
2020-01-14 14:31:11,925 ERROR (TestController.java:31)- -------------错误日志打印...
2020-01-14 14:31:12,323 INFO (TestController.java:30)- -------------------info
2020-01-14 14:31:12,324 ERROR (TestController.java:31)- -------------错误日志打印...
2020-01-14 14:31:12,713 INFO (TestController.java:30)- -------------------info
2020-01-14 14:31:12,714 ERROR (TestController.java:31)- -------------错误日志打印...
2020-01-14 14:31:13,113 INFO (TestController.java:30)- -------------------info
2020-01-14 14:31:13,114 ERROR (TestController.java:31)- -------------错误日志打印...
2020-01-14 14:31:13,309 INFO (TestController.java:30)- -------------------info
2020-01-14 14:31:13,309 ERROR (TestController.java:31)- -------------错误日志打印...
2020-01-14 14:31:13,506 INFO (TestController.java:30)- -------------------info
2020-01-14 14:31:13,507 ERROR (TestController.java:31)- -------------错误日志打印...
2020-01-14 14:31:13,716 INFO (TestController.java:30)- -------------------info
2020-01-14 14:31:13,717 ERROR (TestController.java:31)- -------------错误日志打印...
2020-01-14 14:31:14,133 INFO (TestController.java:30)- -------------------info
2020-01-14 14:31:14,133 ERROR (TestController.java:31)- -------------错误日志打印...
2020-01-14 14:31:14,523 INFO (TestController.java:30)- -------------------info
2020-01-14 14:31:14,524 ERROR (TestController.java:31)- -------------错误日志打印...
2020-01-14 14:31:14,740 INFO (TestController.java:30)- -------------------info
2020-01-14 14:31:14,741 ERROR (TestController.java:31)- -------------错误日志打印...
2020-01-14 14:31:14,941 INFO (TestController.java:30)- -------------------info
2020-01-14 14:31:14,942 ERROR (TestController.java:31)- -------------错误日志打印...
2020-01-14 14:31:15,141 INFO (TestController.java:30)- -------------------info
2020-01-14 14:31:15,141 ERROR (TestController.java:31)- -------------错误日志打印...
2020-01-14 14:31:15,322 INFO (TestController.java:30)- -------------------info
2020-01-14 14:31:15,323 ERROR (TestController.java:31)- -------------错误日志打印...
2020-01-14 14:31:15,524 INFO (TestController.java:30)- -------------------info
2020-01-14 14:31:15,524 ERROR (TestController.java:31)- -------------错误日志打印...
2020-01-14 14:31:15,717 INFO (TestController.java:30)- -------------------info
2020-01-14 14:31:15,718 ERROR (TestController.java:31)- -------------错误日志打印...
2020-01-14 14:31:15,923 INFO (TestController.java:30)- -------------------info
2020-01-14 14:31:15,923 ERROR (TestController.java:31)- -------------错误日志打印...
2020-01-14 14:31:16,139 INFO (TestController.java:30)- -------------------info
2020-01-14 14:31:16,139 ERROR (TestController.java:31)- -------------错误日志打印...
2020-01-14 14:31:16,566 INFO (TestController.java:30)- -------------------info
2020-01-14 14:31:16,566 ERROR (TestController.java:31)- -------------错误日志打印...
2020-01-14 14:31:16,910 INFO (TestController.java:30)- -------------------info
2020-01-14 14:31:16,910 ERROR (TestController.java:31)- -------------错误日志打印...
2020-01-14 14:31:17,160 INFO (TestController.java:30)- -------------------info
2020-01-14 14:31:17,160 ERROR (TestController.java:31)- -------------错误日志打印...
2020-01-14 14:31:17,558 INFO (TestController.java:30)- -------------------info
2020-01-14 14:31:17,559 ERROR (TestController.java:31)- -------------错误日志打印...
2020-01-14 14:38:39,908 INFO (StartupInfoLogger.java:55)- Starting SpringbootApplication on ZHANG with PID 14920 (F:\java\myWorkspace\springboot\target\classes started by Administrator in F:\java\myWorkspace\springboot)
2020-01-14 14:38:39,911 DEBUG (StartupInfoLogger.java:56)- Running with Spring Boot v2.2.2.RELEASE, Spring v5.2.2.RELEASE
2020-01-14 14:38:39,911 INFO (SpringApplication.java:651)- No active profile set, falling back to default profiles: default
2020-01-14 14:38:42,262 INFO (StartupInfoLogger.java:61)- Started SpringbootApplication in 2.834 seconds (JVM running for 3.687)
2020-01-14 14:39:23,094 INFO (TestController.java:29)- -------------------正常业务处理日志打印...
2020-01-14 14:39:23,095 ERROR (TestController.java:30)- ------------------错误业务处理日志打印...
2020-01-14 14:39:23,095 DEBUG (TestController.java:31)- ------------------业务遇到BUG级别日志打印..
2020-01-14 14:39:23,991 INFO (TestController.java:29)- -------------------正常业务处理日志打印...
2020-01-14 14:39:23,992 ERROR (TestController.java:30)- ------------------错误业务处理日志打印...
2020-01-14 14:39:23,992 DEBUG (TestController.java:31)- ------------------业务遇到BUG级别日志打印..
2020-01-14 14:39:24,147 INFO (TestController.java:29)- -------------------正常业务处理日志打印...
2020-01-14 14:39:24,147 ERROR (TestController.java:30)- ------------------错误业务处理日志打印...
2020-01-14 14:39:24,147 DEBUG (TestController.java:31)- ------------------业务遇到BUG级别日志打印..
2020-01-14 14:39:24,525 INFO (TestController.java:29)- -------------------正常业务处理日志打印...
2020-01-14 14:39:24,526 ERROR (TestController.java:30)- ------------------错误业务处理日志打印...
2020-01-14 14:39:24,526 DEBUG (TestController.java:31)- ------------------业务遇到BUG级别日志打印..
2020-01-14 14:39:24,847 INFO (TestController.java:29)- -------------------正常业务处理日志打印...
2020-01-14 14:39:24,848 ERROR (TestController.java:30)- ------------------错误业务处理日志打印...
2020-01-14 14:39:24,849 DEBUG (TestController.java:31)- ------------------业务遇到BUG级别日志打印..
2020-01-14 14:39:25,215 INFO (TestController.java:29)- -------------------正常业务处理日志打印...
2020-01-14 14:39:25,216 ERROR (TestController.java:30)- ------------------错误业务处理日志打印...
2020-01-14 14:39:25,216 DEBUG (TestController.java:31)- ------------------业务遇到BUG级别日志打印..
2020-01-14 14:39:25,577 INFO (TestController.java:29)- -------------------正常业务处理日志打印...
2020-01-14 14:39:25,577 ERROR (TestController.java:30)- ------------------错误业务处理日志打印...
2020-01-14 14:39:25,578 DEBUG (TestController.java:31)- ------------------业务遇到BUG级别日志打印..
2020-01-14 14:41:25,221 INFO (StartupInfoLogger.java:55)- Starting SpringbootApplication on ZHANG with PID 14680 (F:\java\myWorkspace\springboot\target\classes started by Administrator in F:\java\myWorkspace\springboot)
2020-01-14 14:41:25,225 DEBUG (StartupInfoLogger.java:56)- Running with Spring Boot v2.2.2.RELEASE, Spring v5.2.2.RELEASE
2020-01-14 14:41:25,226 INFO (SpringApplication.java:651)- No active profile set, falling back to default profiles: default
2020-01-14 14:41:27,554 INFO (StartupInfoLogger.java:61)- Started SpringbootApplication in 2.826 seconds (JVM running for 3.637)
2020-01-14 14:42:17,923 INFO (TestController.java:29)- -------------------正常业务处理日志打印...
2020-01-14 14:42:17,923 ERROR (TestController.java:30)- ------------------错误业务处理日志打印...
2020-01-14 14:42:17,924 DEBUG (TestController.java:31)- ------------------业务遇到BUG级别日志打印..
